<?xml version='1.0' encoding='UTF-8'?>
<testsuite hostname="ubuntu" name="funsets.FunSetSuite" tests="10" errors="0" failures="0" skipped="0" time="0.109" timestamp="2020-11-05T00:17:06">
                     <properties>
      <property name="jline.esc.timeout" value="0"/><property name="jna.platform.library.path" value="/usr/lib/x86_64-linux-gnu:/lib/x86_64-linux-gnu:/lib64:/usr/lib:/lib:/usr/lib/vmware-tools/lib64/libvmGuestLibJava.so:/usr/lib/vmware-tools/lib32/libvmGuestLibJava.so:/usr/lib/vmware-tools/lib64/libvmGuestLib.so:/usr/lib/vmware-tools/lib32/libvmGuestLib.so:/libx32:/lib32:/usr/libx32:/usr/lib32:/usr/lib/x86_64-linux-gnu/libfakeroot:/usr/lib/x86_64-linux-gnu/mesa:/usr/lib/x86_64-linux-gnu/mesa-egl:/usr/lib/vmware-tools/lib64/libDeployPkg.so:/usr/lib/vmware-tools/lib32/libDeployPkg.so"/><property name="java.runtime.name" value="Java(TM) SE Runtime Environment"/><property name="sun.boot.library.path" value="/opt/java/jdk1.8.0_211/jre/lib/amd64"/><property name="java.vm.version" value="25.211-b12"/><property name="ftp.proxyHost" value="192.168.1.147"/><property name="java.vm.vendor" value="Oracle Corporation"/><property name="java.vendor.url" value="http://java.oracle.com/"/><property name="path.separator" value=":"/><property name="jna.loaded" value="true"/><property name="java.vm.name" value="Java HotSpot(TM) 64-Bit Server VM"/><property name="file.encoding.pkg" value="sun.io"/><property name="user.country" value="US"/><property name="sun.java.launcher" value="SUN_STANDARD"/><property name="sun.os.patch.level" value="unknown"/><property name="jna.nosys" value="true"/><property name="java.vm.specification.name" value="Java Virtual Machine Specification"/><property name="user.dir" value="/home/sworduo/Documents/Course/Coursera/scala-specialization/Functional-Programming-in-Scala/funsets"/><property name="java.runtime.version" value="1.8.0_211-b12"/><property name="java.awt.graphicsenv" value="sun.awt.X11GraphicsEnvironment"/><property name="java.endorsed.dirs" value="/opt/java/jdk1.8.0_211/jre/lib/endorsed"/><property name="os.arch" value="amd64"/><property name="java.io.tmpdir" value="/tmp"/><property name="line.separator" value="
"/><property name="java.vm.specification.vendor" value="Oracle Corporation"/><property name="https.proxyHost" value="192.168.1.147"/><property name="os.name" value="Linux"/><property name="sun.jnu.encoding" value="UTF-8"/><property name="jnidispatch.path" value="/tmp/jna--1798383273/jna7315517013858981192.tmp"/><property name="http.proxyPort" value="1080"/><property name="java.library.path" value="/usr/java/packages/lib/amd64:/usr/lib64:/lib64:/lib:/usr/lib"/><property name="java.specification.name" value="Java Platform API Specification"/><property name="java.class.version" value="52.0"/><property name="sun.management.compiler" value="HotSpot 64-Bit Tiered Compilers"/><property name="os.version" value="4.15.0-118-generic"/><property name="user.home" value="/home/sworduo"/><property name="user.timezone" value="Asia/Shanghai"/><property name="java.awt.printerjob" value="sun.print.PSPrinterJob"/><property name="file.encoding" value="UTF-8"/><property name="java.specification.version" value="1.8"/><property name="java.class.path" value="/usr/share/sbt/bin/sbt-launch.jar"/><property name="user.name" value="sworduo"/><property name="jline.shutdownhook" value="false"/><property name="java.vm.specification.version" value="1.8"/><property name="sun.java.command" value="/usr/share/sbt/bin/sbt-launch.jar"/><property name="java.home" value="/opt/java/jdk1.8.0_211/jre"/><property name="sun.arch.data.model" value="64"/><property name="ftp.proxyPort" value="1080"/><property name="user.language" value="en"/><property name="java.specification.vendor" value="Oracle Corporation"/><property name="awt.toolkit" value="sun.awt.X11.XToolkit"/><property name="java.vm.info" value="mixed mode"/><property name="java.version" value="1.8.0_211"/><property name="java.ext.dirs" value="/opt/java/jdk1.8.0_211/jre/lib/ext:/usr/java/packages/lib/ext"/><property name="http.proxyHost" value="192.168.1.147"/><property name="sun.boot.class.path" value="/opt/java/jdk1.8.0_211/jre/lib/resources.jar:/opt/java/jdk1.8.0_211/jre/lib/rt.jar:/opt/java/jdk1.8.0_211/jre/lib/sunrsasign.jar:/opt/java/jdk1.8.0_211/jre/lib/jsse.jar:/opt/java/jdk1.8.0_211/jre/lib/jce.jar:/opt/java/jdk1.8.0_211/jre/lib/charsets.jar:/opt/java/jdk1.8.0_211/jre/lib/jfr.jar:/opt/java/jdk1.8.0_211/jre/classes"/><property name="java.vendor" value="Oracle Corporation"/><property name="file.separator" value="/"/><property name="java.vendor.url.bug" value="http://bugreport.sun.com/bugreport/"/><property name="sun.io.unicode.encoding" value="UnicodeLittle"/><property name="sun.cpu.endian" value="little"/><property name="https.proxyPort" value="1080"/><property name="sun.desktop" value="gnome"/><property name="sun.cpu.isalist" value=""/>
    </properties>
                     <testcase classname="funsets.FunSetSuite" name="forall test" time="0.082">
                                                 
                                               </testcase><testcase classname="funsets.FunSetSuite" name="singleton set one contains one" time="0.002">
                                                 
                                               </testcase><testcase classname="funsets.FunSetSuite" name="interset test" time="0.003">
                                                 
                                               </testcase><testcase classname="funsets.FunSetSuite" name="exists test" time="0.003">
                                                 
                                               </testcase><testcase classname="funsets.FunSetSuite" name="union contains all elements of each set" time="0.002">
                                                 
                                               </testcase><testcase classname="funsets.FunSetSuite" name="filter test" time="0.003">
                                                 
                                               </testcase><testcase classname="funsets.FunSetSuite" name="diff test" time="0.002">
                                                 
                                               </testcase><testcase classname="funsets.FunSetSuite" name="union {1,3,4,5,7,1000} and {1,2,3,4}" time="0.004">
                                                 
                                               </testcase><testcase classname="funsets.FunSetSuite" name="contains is implemented" time="0.002">
                                                 
                                               </testcase><testcase classname="funsets.FunSetSuite" name="map test" time="0.006">
                                                 
                                               </testcase>
                     <system-out><![CDATA[]]></system-out>
                     <system-err><![CDATA[]]></system-err>
                   </testsuite>